0001_0158_0136_0027_0027.jpg 1 158 136 27 27
0002_0388_0301_0033_0033.jpg 1 388 301 33 33
0003_0106_0082_0321_0321.jpg 1 106 82 321 321
0004_0204_0099_0090_0090.jpg 1 204 99 90 90
0005_0069_0187_0103_0103.jpg 1 69 187 103 103
0006_0080_0134_0318_0318.jpg 1 80 134 318 318
0007_0154_0135_0205_0205.jpg 1 154 135 205 205
0008_0108_0211_0222_0222.jpg 1 108 211 222 222
0009_0225_0103_0221_0221.jpg 1 225 103 221 221
0010_0080_0068_0331_0331.jpg 1 80 68 331 331
0011_0509_0168_0061_0061.jpg 1 509 168 61 61
0012_0220_0197_0157_0157.jpg 1 220 197 157 157
0013_0184_0291_0130_0130.jpg 1 184 291 130 130
0014_0103_0067_0330_0330.jpg 1 103 67 330 330
0015_0388_0239_0197_0197.jpg 1 388 239 197 197
0016_0159_0123_0262_0262.jpg 1 159 123 262 262
0017_0421_0196_0150_0150.jpg 1 421 196 150 150
0018_0084_0173_0199_0199.jpg 1 84 173 199 199
0019_0405_0097_0114_0114.jpg 1 405 97 114 114
0020_0114_0145_0302_0302.jpg 1 114 145 302 302
0021_0474_0134_0027_0027.jpg 1 474 134 27 27
0022_0213_0077_0273_0273.jpg 1 213 77 273 273
0023_0403_0287_0078_0078.jpg 1 403 287 78 78
0024_0398_0087_0034_0034.jpg 1 398 87 34 34
0025_0201_0055_0296_0296.jpg 1 201 55 296 296
0026_0255_0106_0034_0034.jpg 1 255 106 34 34
0027_0077_0271_0049_0049.jpg 1 77 271 49 49
0028_0125_0249_0058_0058.jpg 1 125 249 58 58
0029_0472_0336_0073_0073.jpg 1 472 336 73 73
0030_0115_0153_0049_0049.jpg 1 115 153 49 49
0031_0410_0233_0101_0101.jpg 1 410 233 101 101
0032_0259_0108_0251_0251.jpg 1 259 108 251 251
0033_0115_0121_0333_0333.jpg 1 115 121 333 333
0034_0079_0130_0120_0120.jpg 1 79 130 120 120
0035_0364_0130_0076_0076.jpg 1 364 130 76 76
0036_0289_0215_0223_0223.jpg 1 289 215 223 223
0037_0052_0069_0278_0278.jpg 1 52 69 278 278
0038_0190_0063_0051_0051.jpg 1 190 63 51 51
0039_0110_0157_0195_0195.jpg 1 110 157 195 195
0040_0107_0059_0327_0327.jpg 1 107 59 327 327
0041_0069_0101_0289_0289.jpg 1 69 101 289 289
0042_0478_0348_0057_0057.jpg 1 478 348 57 57
0043_0145_0115_0313_0313.jpg 1 145 115 313 313
0044_0089_0237_0169_0169.jpg 1 89 237 169 169
0045_0040_0035_0266_0266.jpg 1 40 35 266 266
0046_0163_0133_0277_0277.jpg 1 163 133 277 277
0047_0364_0305_0057_0057.jpg 1 364 305 57 57
0048_0379_0363_0076_0076.jpg 1 379 363 76 76
0049_0314_0144_0251_0251.jpg 1 314 144 251 251
0050_0195_0086_0309_0309.jpg 1 195 86 309 309
0051_0104_0051_0163_0163.jpg 1 104 51 163 163
0052_0200_0360_0077_0077.jpg 1 200 360 77 77
0053_0232_0114_0133_0133.jpg 1 232 114 133 133
0054_0054_0143_0238_0238.jpg 1 54 143 238 238
0055_0132_0080_0203_0203.jpg 1 132 80 203 203
0056_0167_0273_0126_0126.jpg 1 167 273 126 126
0057_0322_0118_0157_0157.jpg 1 322 118 157 157
0058_0121_0165_0247_0247.jpg 1 121 165 247 247
0059_0067_0138_0325_0325.jpg 1 67 138 325 325
0060_0356_0217_0208_0208.jpg 1 356 217 208 208
0061_0244_0034_0193_0193.jpg 1 244 34 193 193
0062_0124_0266_0183_0183.jpg 1 124 266 183 183
0063_0146_0307_0133_0133.jpg 1 146 307 133 133
0064_0149_0140_0314_0314.jpg 1 149 140 314 314
0065_0152_0258_0117_0117.jpg 1 152 258 117 117
0066_0063_0242_0141_0141.jpg 1 63 242 141 141
0067_0277_0141_0113_0113.jpg 1 277 141 113 113
0068_0126_0230_0215_0215.jpg 1 126 230 215 215
0069_0295_0119_0264_0264.jpg 1 295 119 264 264
0070_0299_0140_0224_0224.jpg 1 299 140 224 224
0071_0430_0255_0133_0133.jpg 1 430 255 133 133
0072_0499_0146_0054_0054.jpg 1 499 146 54 54
0073_0325_0085_0273_0273.jpg 1 325 85 273 273
0074_0056_0114_0261_0261.jpg 1 56 114 261 261
0075_0157_0320_0084_0084.jpg 1 157 320 84 84
0076_0102_0334_0096_0096.jpg 1 102 334 96 96
0077_0475_0187_0065_0065.jpg 1 475 187 65 65
0078_0272_0107_0299_0299.jpg 1 272 107 299 299
0079_0333_0157_0227_0227.jpg 1 333 157 227 227
0080_0152_0265_0097_0097.jpg 1 152 265 97 97
0081_0220_0214_0208_0208.jpg 1 220 214 208 208
0082_0412_0260_0179_0179.jpg 1 412 260 179 179
0083_0164_0116_0255_0255.jpg 1 164 116 255 255
0084_0124_0198_0214_0214.jpg 1 124 198 214 214
0085_0365_0172_0036_0036.jpg 1 365 172 36 36
0086_0065_0064_0293_0293.jpg 1 65 64 293 293
0087_0222_0016_0314_0314.jpg 1 222 16 314 314
0088_0071_0286_0066_0066.jpg 1 71 286 66 66
0089_0268_0132_0317_0317.jpg 1 268 132 317 317
0090_0146_0266_0055_0055.jpg 1 146 266 55 55
0091_0071_0240_0091_0091.jpg 1 71 240 91 91
0092_0279_0215_0126_0126.jpg 1 279 215 126 126
0093_0278_0272_0083_0083.jpg 1 278 272 83 83
0094_0368_0120_0226_0226.jpg 1 368 120 226 226
0095_0229_0089_0182_0182.jpg 1 229 89 182 182
0096_0217_0378_0041_0041.jpg 1 217 378 41 41
0097_0416_0309_0029_0029.jpg 1 416 309 29 29
0098_0065_0051_0107_0107.jpg 1 65 51 107 107
0099_0288_0151_0089_0089.jpg 1 288 151 89 89
0100_0410_0132_0055_0055.jpg 1 410 132 55 55
0101_0434_0260_0144_0144.jpg 1 434 260 144 144
0102_0430_0123_0025_0025.jpg 1 430 123 25 25
0103_0107_0170_0227_0227.jpg 1 107 170 227 227
0104_0316_0214_0210_0210.jpg 1 316 214 210 210
0105_0397_0332_0086_0086.jpg 1 397 332 86 86
0106_0063_0050_0027_0027.jpg 1 63 50 27 27
0107_0317_0122_0190_0190.jpg 1 317 122 190 190
0108_0080_0208_0225_0225.jpg 1 80 208 225 225
0109_0370_0141_0164_0164.jpg 1 370 141 164 164
0110_0261_0127_0235_0235.jpg 1 261 127 235 235
0111_0268_0072_0321_0321.jpg 1 268 72 321 321
0112_0182_0208_0210_0210.jpg 1 182 208 210 210
0113_0317_0216_0086_0086.jpg 1 317 216 86 86
0114_0344_0220_0199_0199.jpg 1 344 220 199 199
0115_0180_0078_0249_0249.jpg 1 180 78 249 249
0116_0369_0285_0088_0088.jpg 1 369 285 88 88
0117_0072_0037_0229_0229.jpg 1 72 37 229 229
0118_0141_0083_0112_0112.jpg 1 141 83 112 112
0119_0299_0035_0142_0142.jpg 1 299 35 142 142
0120_0179_0129_0265_0265.jpg 1 179 129 265 265
0121_0183_0060_0061_0061.jpg 1 183 60 61 61
0122_0288_0300_0075_0075.jpg 1 288 300 75 75
0123_0293_0026_0287_0287.jpg 1 293 26 287 287
0124_0421_0161_0122_0122.jpg 1 421 161 122 122
0125_0111_0248_0072_0072.jpg 1 111 248 72 72
0126_0110_0060_0326_0326.jpg 1 110 60 326 326
0127_0136_0017_0332_0332.jpg 1 136 17 332 332
0128_0132_0060_0275_0275.jpg 1 132 60 275 275
0129_0128_0069_0306_0306.jpg 1 128 69 306 306
0130_0067_0096_0249_0249.jpg 1 67 96 249 249
0131_0232_0164_0245_0245.jpg 1 232 164 245 245
0132_0269_0369_0026_0026.jpg 1 269 369 26 26
0133_0079_0199_0128_0128.jpg 1 79 199 128 128
0134_0275_0142_0298_0298.jpg 1 275 142 298 298
0135_0248_0172_0142_0142.jpg 1 248 172 142 142
0136_0284_0101_0210_0210.jpg 1 284 101 210 210
0137_0152_0017_0312_0312.jpg 1 152 17 312 312
0138_0343_0123_0116_0116.jpg 1 343 123 116 116
0139_0068_0084_0262_0262.jpg 1 68 84 262 262
0140_0427_0069_0094_0094.jpg 1 427 69 94 94
0141_0196_0204_0147_0147.jpg 1 196 204 147 147
0142_0161_0132_0272_0272.jpg 1 161 132 272 272
0143_0199_0176_0278_0278.jpg 1 199 176 278 278
0144_0367_0152_0163_0163.jpg 1 367 152 163 163
0145_0231_0074_0249_0249.jpg 1 231 74 249 249
0146_0454_0223_0034_0034.jpg 1 454 223 34 34
0147_0215_0293_0060_0060.jpg 1 215 293 60 60
0148_0292_0067_0169_0169.jpg 1 292 67 169 169
0149_0291_0065_0222_0222.jpg 1 291 65 222 222
0150_0236_0097_0333_0333.jpg 1 236 97 333 333
0151_0331_0117_0266_0266.jpg 1 331 117 266 266
0152_0267_0100_0134_0134.jpg 1 267 100 134 134
0153_0289_0176_0270_0270.jpg 1 289 176 270 270
0154_0333_0214_0143_0143.jpg 1 333 214 143 143
0155_0121_0079_0054_0054.jpg 1 121 79 54 54
0156_0163_0120_0141_0141.jpg 1 163 120 141 141
0157_0147_0175_0189_0189.jpg 1 147 175 189 189
0158_0076_0080_0282_0282.jpg 1 76 80 282 282
0159_0337_0079_0135_0135.jpg 1 337 79 135 135
0160_0448_0116_0128_0128.jpg 1 448 116 128 128
